CompileCommand: exclude com/intellij/openapi/vfs/impl/FilePartNodeRoot.trieDescend bool exclude = true
Do not use URL connection as JarURLConnection
Do not use URL connection as JarURLConnection
Do not use URL connection as JarURLConnection
Do not use URL connection as JarURLConnection
Do not use URL connection as JarURLConnection
Do not use URL connection as JarURLConnection
Do not use URL connection as JarURLConnection
Do not use URL connection as JarURLConnection
Do not use URL connection as JarURLConnection
Do not use URL connection as JarURLConnection
Do not use URL connection as JarURLConnection
Do not use URL connection as JarURLConnection
Do not use URL connection as JarURLConnection
Do not use URL connection as JarURLConnection
Do not use URL connection as JarURLConnection
Do not use URL connection as JarURLConnection
Do not use URL connection as JarURLConnection
Do not use URL connection as JarURLConnection
Do not use URL connection as JarURLConnection
Do not use URL connection as JarURLConnection
Do not use URL connection as JarURLConnection
Do not use URL connection as JarURLConnection
Do not use URL connection as JarURLConnection
Do not use URL connection as JarURLConnection
Do not use URL connection as JarURLConnection
Do not use URL connection as JarURLConnection
Do not use URL connection as JarURLConnection
Do not use URL connection as JarURLConnection
Do not use URL connection as JarURLConnection
Do not use URL connection as JarURLConnection
Do not use URL connection as JarURLConnection
Do not use URL connection as JarURLConnection
Do not use URL connection as JarURLConnection
Do not use URL connection as JarURLConnection
Do not use URL connection as JarURLConnection
Do not use URL connection as JarURLConnection
Do not use URL connection as JarURLConnection
Do not use URL connection as JarURLConnection
Do not use URL connection as JarURLConnection
Do not use URL connection as JarURLConnection
Do not use URL connection as JarURLConnection
Do not use URL connection as JarURLConnection
Do not use URL connection as JarURLConnection
Do not use URL connection as JarURLConnection
Do not use URL connection as JarURLConnection
Do not use URL connection as JarURLConnection
Do not use URL connection as JarURLConnection
Do not use URL connection as JarURLConnection
Do not use URL connection as JarURLConnection
Do not use URL connection as JarURLConnection
Do not use URL connection as JarURLConnection
Do not use URL connection as JarURLConnection
Do not use URL connection as JarURLConnection
Do not use URL connection as JarURLConnection
Do not use URL connection as JarURLConnection
Do not use URL connection as JarURLConnection
Do not use URL connection as JarURLConnection
Do not use URL connection as JarURLConnection
Do not use URL connection as JarURLConnection
Do not use URL connection as JarURLConnection
Do not use URL connection as JarURLConnection
Do not use URL connection as JarURLConnection
Do not use URL connection as JarURLConnection
Do not use URL connection as JarURLConnection
Do not use URL connection as JarURLConnection
2023-10-24 14:05:47,329 [   3421]   WARN - #c.i.c.ComponentStoreImpl - Duplicated scheme VSCode Dark Brighter - old: VSCode Dark Brighter, new VSCode Dark Brighter
2023-10-24 14:05:47,344 [   3436]   WARN - #c.i.c.ComponentStoreImpl - Duplicated scheme Light - old: Light, new Light
2023-10-24 14:05:47,390 [   3482]   WARN - #c.i.c.ComponentStoreImpl - Duplicated scheme VSCode Dark Brighter - old: VSCode Dark Brighter, new VSCode Dark Brighter
2023-10-24 14:05:47,395 [   3487]   WARN - #c.i.c.ComponentStoreImpl - Duplicated scheme VSCode Light Modern - old: VSCode Light Modern, new VSCode Light Modern
CompileCommand: exclude com/intellij/openapi/vfs/impl/FilePartNodeRoot.trieDescend bool exclude = true
Do not use URL connection as JarURLConnection
Do not use URL connection as JarURLConnection
Do not use URL connection as JarURLConnection
Do not use URL connection as JarURLConnection
Do not use URL connection as JarURLConnection
Do not use URL connection as JarURLConnection
Do not use URL connection as JarURLConnection
Do not use URL connection as JarURLConnection
Do not use URL connection as JarURLConnection
Do not use URL connection as JarURLConnection
Do not use URL connection as JarURLConnection
Do not use URL connection as JarURLConnection
Do not use URL connection as JarURLConnection
Do not use URL connection as JarURLConnection
Do not use URL connection as JarURLConnection
Do not use URL connection as JarURLConnection
Do not use URL connection as JarURLConnection
Do not use URL connection as JarURLConnection
Do not use URL connection as JarURLConnection
Do not use URL connection as JarURLConnection
Do not use URL connection as JarURLConnection
Do not use URL connection as JarURLConnection
Do not use URL connection as JarURLConnection
Do not use URL connection as JarURLConnection
Do not use URL connection as JarURLConnection
Do not use URL connection as JarURLConnection
Do not use URL connection as JarURLConnection
Do not use URL connection as JarURLConnection
Do not use URL connection as JarURLConnection
Do not use URL connection as JarURLConnection
Do not use URL connection as JarURLConnection
Do not use URL connection as JarURLConnection
Do not use URL connection as JarURLConnection
Do not use URL connection as JarURLConnection
Do not use URL connection as JarURLConnection
Do not use URL connection as JarURLConnection
Do not use URL connection as JarURLConnection
Do not use URL connection as JarURLConnection
Do not use URL connection as JarURLConnection
Do not use URL connection as JarURLConnection
Do not use URL connection as JarURLConnection
Do not use URL connection as JarURLConnection
Do not use URL connection as JarURLConnection
Do not use URL connection as JarURLConnection
Do not use URL connection as JarURLConnection
Do not use URL connection as JarURLConnection
Do not use URL connection as JarURLConnection
Do not use URL connection as JarURLConnection
Do not use URL connection as JarURLConnection
Do not use URL connection as JarURLConnection
Do not use URL connection as JarURLConnection
Do not use URL connection as JarURLConnection
Do not use URL connection as JarURLConnection
Do not use URL connection as JarURLConnection
Do not use URL connection as JarURLConnection
Do not use URL connection as JarURLConnection
Do not use URL connection as JarURLConnection
Do not use URL connection as JarURLConnection
Do not use URL connection as JarURLConnection
Do not use URL connection as JarURLConnection
Do not use URL connection as JarURLConnection
Do not use URL connection as JarURLConnection
Do not use URL connection as JarURLConnection
Do not use URL connection as JarURLConnection
Do not use URL connection as JarURLConnection
2023-10-24 14:08:28,745 [   3437]   WARN - #c.i.c.ComponentStoreImpl - Duplicated scheme VSCode Dark Brighter - old: VSCode Dark Brighter, new VSCode Dark Brighter
2023-10-24 14:08:28,758 [   3450]   WARN - #c.i.c.ComponentStoreImpl - Duplicated scheme Light - old: Light, new Light
2023-10-24 14:08:28,811 [   3503]   WARN - #c.i.c.ComponentStoreImpl - Duplicated scheme VSCode Dark Brighter - old: VSCode Dark Brighter, new VSCode Dark Brighter
2023-10-24 14:08:28,817 [   3509]   WARN - #c.i.c.ComponentStoreImpl - Duplicated scheme VSCode Light Modern - old: VSCode Light Modern, new VSCode Light Modern

Info  | RdCoroutineScope          | 46:DefaultDispatcher-worker-30 | RdCoroutineHost overridden 
2023-10-24 14:08:33,486 [   8178]   WARN - #o.j.i.maven - performImport async: Linear Import is disabled
2023-10-24 14:08:33,706 [   8398]   WARN - #o.j.i.maven - Trying to add the same listener twice
2023-10-24 14:08:33,714 [   8406]   WARN - #o.j.i.maven - updateAllMavenProjectsSync started, edt=false
2023-10-24 14:08:34,738 [   9430]   WARN - #c.i.e.r.RemoteProcessSupport - SLF4J: Class path contains multiple SLF4J bindings.
2023-10-24 14:08:34,746 [   9438]   WARN - #c.i.e.r.RemoteProcessSupport - SLF4J: Found binding in [jar:file:/home/lucopdev/IntelliJ-IC-232.10072.27/plugins/maven/lib/maven36-server.jar!/org/slf4j/impl/StaticLoggerBinder.class]
2023-10-24 14:08:34,746 [   9438]   WARN - #c.i.e.r.RemoteProcessSupport - SLF4J: Found binding in [jar:file:/home/lucopdev/IntelliJ-IC-232.10072.27/lib/util-8.jar!/org/slf4j/impl/StaticLoggerBinder.class]
2023-10-24 14:08:34,747 [   9439]   WARN - #c.i.e.r.RemoteProcessSupport - SLF4J: See http://www.slf4j.org/codes.html#multiple_bindings for an explanation.
2023-10-24 14:08:34,747 [   9439]   WARN - #c.i.e.r.RemoteProcessSupport - SLF4J: Actual binding is of type [org.jetbrains.idea.maven.server.Maven3WrapperSl4LoggerFactory]

(java:189492): Gtk-WARNING **: 14:08:38.465: gtk_disable_setlocale() must be called before gtk_init()
2023-10-24 14:08:43,005 [  17697]   WARN - #o.j.i.maven - updateAllMavenProjectsSync finished, edt=false
2023-10-24 14:08:43,061 [  17753]   WARN - #c.i.o.v.ExternallyAddedFilesProcessorImpl - Cannot find project config directory for non-default and non-directory based project java-029-java-projeto-regra-progressao
2023-10-24 14:08:45,247 [  19939]   WARN - #c.i.u.x.Binding - no accessors for com.intellij.ide.util.TipsUsageManager$State
2023-10-24 14:08:45,999 [  20691]   WARN - #o.j.i.maven - forceUpdateAllProjectsOrFindAllAvailablePomFiles: Linear Import is disabled
2023-10-24 14:08:46,000 [  20692]   WARN - #o.j.i.maven - doScheduleUpdateProjects: Linear Import is disabled
2023-10-24 14:08:46,006 [  20698]   WARN - #o.j.i.maven - updateAllMavenProjectsSync started, edt=false
2023-10-24 14:08:46,512 [  21204]   WARN - #c.i.o.v.ExternallyAddedFilesProcessorImpl - Cannot find project config directory for non-default and non-directory based project java-029-java-projeto-regra-progressao
2023-10-24 14:08:46,630 [  21322]   WARN - #c.i.o.v.ExternallyAddedFilesProcessorImpl - Cannot find project config directory for non-default and non-directory based project java-029-java-projeto-regra-progressao
2023-10-24 14:08:46,683 [  21375]   WARN - #o.j.i.maven - updateAllMavenProjectsSync finished, edt=false
2023-10-24 14:08:47,565 [  22257]   WARN - #c.i.o.v.ExternallyAddedFilesProcessorImpl - Cannot find project config directory for non-default and non-directory based project java-029-java-projeto-regra-progressao
2023-10-24 14:08:55,819 [  30511]   WARN - #c.i.o.m.LanguageLevelUtil - File not found: api22.txt
2023-10-24 14:13:31,698 [ 306390] SEVERE - com.jediterm.terminal.model.TerminalTextBuffer - Attempt to get line out of bounds: -1 < 0
2023-10-24 14:13:31,698 [ 306390] SEVERE - com.jediterm.terminal.model.TerminalTextBuffer - Attempt to get line out of bounds: -1 < 0
2023-10-24 14:13:32,205 [ 306897] SEVERE - com.jediterm.terminal.model.TerminalTextBuffer - Attempt to get line out of bounds: -1 < 0
2023-10-24 14:13:32,705 [ 307397] SEVERE - com.jediterm.terminal.model.TerminalTextBuffer - Attempt to get line out of bounds: -1 < 0
2023-10-24 14:13:32,706 [ 307398] SEVERE - com.jediterm.terminal.model.TerminalTextBuffer - Attempt to get line out of bounds: -1 < 0
2023-10-24 14:13:33,211 [ 307903] SEVERE - com.jediterm.terminal.model.TerminalTextBuffer - Attempt to get line out of bounds: -1 < 0
2023-10-24 14:13:33,715 [ 308407] SEVERE - com.jediterm.terminal.model.TerminalTextBuffer - Attempt to get line out of bounds: -1 < 0
2023-10-24 14:13:33,716 [ 308408] SEVERE - com.jediterm.terminal.model.TerminalTextBuffer - Attempt to get line out of bounds: -1 < 0
2023-10-24 14:13:34,224 [ 308916] SEVERE - com.jediterm.terminal.model.TerminalTextBuffer - Attempt to get line out of bounds: -1 < 0
2023-10-24 14:13:34,398 [ 309090] SEVERE - com.jediterm.terminal.model.TerminalTextBuffer - Attempt to get line out of bounds: -1 < 0
2023-10-24 14:13:34,398 [ 309090] SEVERE - com.jediterm.terminal.model.TerminalTextBuffer - Attempt to get line out of bounds: -1 < 0
2023-10-24 14:13:58,820 [ 333512] SEVERE - com.jediterm.terminal.model.TerminalTextBuffer - Attempt to get line out of bounds: -1 < 0
2023-10-24 14:13:58,820 [ 333512] SEVERE - com.jediterm.terminal.model.TerminalTextBuffer - Attempt to get line out of bounds: -1 < 0
2023-10-24 14:13:58,856 [ 333548] SEVERE - com.jediterm.terminal.model.TerminalTextBuffer - Attempt to get line out of bounds: -1 < 0
2023-10-24 14:13:58,856 [ 333548] SEVERE - com.jediterm.terminal.model.TerminalTextBuffer - Attempt to get line out of bounds: -1 < 0
2023-10-24 14:13:58,902 [ 333594] SEVERE - com.jediterm.terminal.model.TerminalTextBuffer - Attempt to get line out of bounds: -1 < 0
2023-10-24 14:13:58,903 [ 333595] SEVERE - com.jediterm.terminal.model.TerminalTextBuffer - Attempt to get line out of bounds: -1 < 0
2023-10-24 14:13:59,359 [ 334051] SEVERE - com.jediterm.terminal.model.TerminalTextBuffer - Attempt to get line out of bounds: -1 < 0
2023-10-24 14:13:59,360 [ 334052] SEVERE - com.jediterm.terminal.model.TerminalTextBuffer - Attempt to get line out of bounds: -1 < 0
2023-10-24 14:13:59,864 [ 334556] SEVERE - com.jediterm.terminal.model.TerminalTextBuffer - Attempt to get line out of bounds: -1 < 0
2023-10-24 14:14:00,365 [ 335057] SEVERE - com.jediterm.terminal.model.TerminalTextBuffer - Attempt to get line out of bounds: -1 < 0
2023-10-24 14:14:00,365 [ 335057] SEVERE - com.jediterm.terminal.model.TerminalTextBuffer - Attempt to get line out of bounds: -1 < 0
2023-10-24 14:14:00,870 [ 335562] SEVERE - com.jediterm.terminal.model.TerminalTextBuffer - Attempt to get line out of bounds: -1 < 0
2023-10-24 14:14:01,374 [ 336066] SEVERE - com.jediterm.terminal.model.TerminalTextBuffer - Attempt to get line out of bounds: -1 < 0
2023-10-24 14:14:01,374 [ 336066] SEVERE - com.jediterm.terminal.model.TerminalTextBuffer - Attempt to get line out of bounds: -1 < 0
2023-10-24 14:14:01,878 [ 336570] SEVERE - com.jediterm.terminal.model.TerminalTextBuffer - Attempt to get line out of bounds: -1 < 0
2023-10-24 14:14:02,380 [ 337072] SEVERE - com.jediterm.terminal.model.TerminalTextBuffer - Attempt to get line out of bounds: -1 < 0
2023-10-24 14:14:02,380 [ 337072] SEVERE - com.jediterm.terminal.model.TerminalTextBuffer - Attempt to get line out of bounds: -1 < 0
2023-10-24 14:14:02,885 [ 337577] SEVERE - com.jediterm.terminal.model.TerminalTextBuffer - Attempt to get line out of bounds: -1 < 0
2023-10-24 14:14:03,390 [ 338082] SEVERE - com.jediterm.terminal.model.TerminalTextBuffer - Attempt to get line out of bounds: -1 < 0
2023-10-24 14:14:03,391 [ 338083] SEVERE - com.jediterm.terminal.model.TerminalTextBuffer - Attempt to get line out of bounds: -1 < 0
2023-10-24 14:14:03,893 [ 338585] SEVERE - com.jediterm.terminal.model.TerminalTextBuffer - Attempt to get line out of bounds: -1 < 0
2023-10-24 14:14:04,394 [ 339086] SEVERE - com.jediterm.terminal.model.TerminalTextBuffer - Attempt to get line out of bounds: -1 < 0
2023-10-24 14:14:04,395 [ 339087] SEVERE - com.jediterm.terminal.model.TerminalTextBuffer - Attempt to get line out of bounds: -1 < 0
2023-10-24 14:14:04,672 [ 339364] SEVERE - com.jediterm.terminal.model.TerminalTextBuffer - Attempt to get line out of bounds: -1 < 0
2023-10-24 14:14:04,673 [ 339365] SEVERE - com.jediterm.terminal.model.TerminalTextBuffer - Attempt to get line out of bounds: -1 < 0
2023-10-24 14:14:04,707 [ 339399] SEVERE - com.jediterm.terminal.model.TerminalTextBuffer - Attempt to get line out of bounds: -1 < 0
2023-10-24 14:14:04,707 [ 339399] SEVERE - com.jediterm.terminal.model.TerminalTextBuffer - Attempt to get line out of bounds: -1 < 0
2023-10-24 14:14:05,056 [ 339748]   WARN - #c.i.u.x.Binding - no accessors for java.time.LocalTime
2023-10-24 14:14:07,615 [ 342307] SEVERE - com.jediterm.terminal.model.TerminalTextBuffer - Attempt to get line out of bounds: -1 < 0
2023-10-24 14:14:07,615 [ 342307] SEVERE - com.jediterm.terminal.model.TerminalTextBuffer - Attempt to get line out of bounds: -1 < 0
2023-10-24 14:14:07,626 [ 342318] SEVERE - com.jediterm.terminal.model.TerminalTextBuffer - Attempt to get line out of bounds: -1 < 0
2023-10-24 14:14:07,627 [ 342319] SEVERE - com.jediterm.terminal.model.TerminalTextBuffer - Attempt to get line out of bounds: -1 < 0
2023-10-24 14:14:07,653 [ 342345] SEVERE - com.jediterm.terminal.model.TerminalTextBuffer - Attempt to get line out of bounds: -1 < 0
2023-10-24 14:14:07,654 [ 342346] SEVERE - com.jediterm.terminal.model.TerminalTextBuffer - Attempt to get line out of bounds: -1 < 0
2023-10-24 14:14:07,721 [ 342413] SEVERE - com.jediterm.terminal.model.TerminalTextBuffer - Attempt to get line out of bounds: -1 < 0
2023-10-24 14:14:07,722 [ 342414] SEVERE - com.jediterm.terminal.model.TerminalTextBuffer - Attempt to get line out of bounds: -1 < 0
2023-10-24 14:14:08,124 [ 342816] SEVERE - com.jediterm.terminal.model.TerminalTextBuffer - Attempt to get line out of bounds: -1 < 0
2023-10-24 14:14:08,633 [ 343325] SEVERE - com.jediterm.terminal.model.TerminalTextBuffer - Attempt to get line out of bounds: -1 < 0
2023-10-24 14:14:08,633 [ 343325] SEVERE - com.jediterm.terminal.model.TerminalTextBuffer - Attempt to get line out of bounds: -1 < 0
2023-10-24 14:14:08,866 [ 343558] SEVERE - com.jediterm.terminal.model.TerminalTextBuffer - Attempt to get line out of bounds: -1 < 0
2023-10-24 14:14:08,874 [ 343566] SEVERE - com.jediterm.terminal.model.TerminalTextBuffer - Attempt to get line out of bounds: -1 < 0
2023-10-24 14:14:08,875 [ 343567] SEVERE - com.jediterm.terminal.model.TerminalTextBuffer - Attempt to get line out of bounds: -1 < 0
2023-10-24 14:15:56,035 [ 450727] SEVERE - com.jediterm.terminal.model.TerminalTextBuffer - Attempt to get line out of bounds: 14 >= 14
2023-10-24 14:15:56,035 [ 450727] SEVERE - com.jediterm.terminal.model.TerminalTextBuffer - Attempt to get line out of bounds: 14 >= 14
2023-10-24 14:44:47,443 [2182135]   WARN - org.apache.velocity.deprecation - configuration key 'resource.loader' has been deprecated in favor of 'resource.loaders'
2023-10-24 14:44:47,451 [2182143]   WARN - org.apache.velocity.deprecation - configuration key 'includes.resource.loader.instance' has been deprecated in favor of 'resource.loader.includes.instance'
2023-10-24 14:46:33,178 [2287870] SEVERE - #c.i.p.s.StubProcessingHelperBase - Stub index points to a file without PSI: file = jrt:///usr/lib/jvm/java-1.17.0-openjdk-amd64!/java.base/jdk/internal/module/SystemModules$all.class, file type = com.intellij.ide.highlighter.JavaClassFileType@3de11bd1, indexed file type = com.intellij.ide.highlighter.JavaClassFileType@3de11bd1, indexing stamp info = indexing timestamp = 1692917874000, binary = true, byte size = 78313, char size = -1, used scope = com.intellij.psi.impl.search.JavaSourceFilterScope[Module-with-dependencies:regra-progressao compile-only:true include-libraries:true include-other-modules:true include-tests:false]
java.lang.Throwable: Stub index points to a file without PSI: file = jrt:///usr/lib/jvm/java-1.17.0-openjdk-amd64!/java.base/jdk/internal/module/SystemModules$all.class, file type = com.intellij.ide.highlighter.JavaClassFileType@3de11bd1, indexed file type = com.intellij.ide.highlighter.JavaClassFileType@3de11bd1, indexing stamp info = indexing timestamp = 1692917874000, binary = true, byte size = 78313, char size = -1, used scope = com.intellij.psi.impl.search.JavaSourceFilterScope[Module-with-dependencies:regra-progressao compile-only:true include-libraries:true include-other-modules:true include-tests:false]
	at com.intellij.openapi.diagnostic.Logger.error(Logger.java:370)
	at com.intellij.psi.stubs.StubProcessingHelperBase.processStubsInFile(StubProcessingHelperBase.java:52)
	at com.intellij.psi.stubs.StubIndexEx.lambda$processElements$4(StubIndexEx.java:150)
	at com.intellij.psi.stubs.StubIndexEx.processElements(StubIndexEx.java:214)
	at com.intellij.psi.stubs.StubIndex.getElements(StubIndex.java:102)
	at com.intellij.psi.stubs.StubIndex.getElements(StubIndex.java:90)
	at com.intellij.psi.impl.java.stubs.index.JavaShortClassNameIndex.get(JavaShortClassNameIndex.java:35)
	at com.intellij.psi.impl.PsiShortNamesCacheImpl.getClassesByName(PsiShortNamesCacheImpl.java:49)
	at com.intellij.psi.impl.CompositeShortNamesCache.getClassesByName(CompositeShortNamesCache.java:68)
	at com.intellij.psi.impl.search.AllClassesSearchExecutor.lambda$processByName$3(AllClassesSearchExecutor.java:80)
	at com.intellij.openapi.project.DumbService.runReadActionInSmartMode$lambda$0(DumbService.kt:76)
	at com.intellij.openapi.project.DumbService.runReadActionInSmartMode(DumbService.kt:105)
	at com.intellij.openapi.project.DumbService.runReadActionInSmartMode(DumbService.kt:76)
	at com.intellij.psi.impl.search.AllClassesSearchExecutor.processByName(AllClassesSearchExecutor.java:80)
	at com.intellij.psi.impl.search.AllClassesSearchExecutor.processClassesByNames(AllClassesSearchExecutor.java:70)
	at com.intellij.codeInsight.completion.AllClassesGetter.processJavaClasses(AllClassesGetter.java:137)
	at com.intellij.codeInsight.completion.JavaClassNameCompletionContributor.addAllClasses(JavaClassNameCompletionContributor.java:182)
	at com.intellij.codeInsight.completion.JavaNoVariantsDelegator.suggestNonImportedClasses(JavaNoVariantsDelegator.java:234)
	at com.intellij.codeInsight.completion.JavaNoVariantsDelegator.fillCompletionVariants(JavaNoVariantsDelegator.java:64)
	at com.intellij.codeInsight.completion.CompletionService.getVariantsFromContributor(CompletionService.java:81)
	at com.intellij.codeInsight.completion.impl.CompletionServiceImpl.lambda$getVariantsFromContributor$0(CompletionServiceImpl.java:333)
	at com.intellij.platform.diagnostic.telemetry.helpers.TraceKt.runWithSpan(trace.kt:81)
	at com.intellij.codeInsight.completion.impl.CompletionServiceImpl.getVariantsFromContributor(CompletionServiceImpl.java:332)
	at com.intellij.codeInsight.completion.CompletionService.getVariantsFromContributors(CompletionService.java:73)
	at com.intellij.codeInsight.completion.CompletionResultSet.runRemainingContributors(CompletionResultSet.java:150)
	at com.intellij.codeInsight.completion.CompletionResultSet.runRemainingContributors(CompletionResultSet.java:142)
	at com.intellij.codeInsight.completion.CompletionResultSet.runRemainingContributors(CompletionResultSet.java:138)
	at com.intellij.codeInsight.template.impl.LiveTemplateCompletionContributor$1.addCompletions(LiveTemplateCompletionContributor.java:87)
	at com.intellij.codeInsight.completion.CompletionProvider.addCompletionVariants(CompletionProvider.java:23)
	at com.intellij.codeInsight.completion.CompletionContributor.fillCompletionVariants(CompletionContributor.java:156)
	at com.intellij.codeInsight.completion.CompletionService.getVariantsFromContributor(CompletionService.java:81)
	at com.intellij.codeInsight.completion.impl.CompletionServiceImpl.lambda$getVariantsFromContributor$0(CompletionServiceImpl.java:333)
	at com.intellij.platform.diagnostic.telemetry.helpers.TraceKt.runWithSpan(trace.kt:81)
	at com.intellij.codeInsight.completion.impl.CompletionServiceImpl.getVariantsFromContributor(CompletionServiceImpl.java:332)
	at com.intellij.codeInsight.completion.CompletionService.getVariantsFromContributors(CompletionService.java:73)
	at com.intellij.codeInsight.completion.CompletionService.getVariantsFromContributors(CompletionService.java:56)
	at com.intellij.codeInsight.completion.CompletionService.performCompletion(CompletionService.java:130)
	at com.intellij.codeInsight.completion.BaseCompletionService.performCompletion(BaseCompletionService.java:48)
	at com.intellij.codeInsight.completion.impl.CompletionServiceImpl.lambda$performCompletion$1(CompletionServiceImpl.java:351)
	at com.intellij.platform.diagnostic.telemetry.helpers.TraceKt.runWithSpan(trace.kt:81)
	at com.intellij.codeInsight.completion.impl.CompletionServiceImpl.performCompletion(CompletionServiceImpl.java:340)
	at com.intellij.codeInsight.completion.CompletionProgressIndicator.lambda$calculateItems$11(CompletionProgressIndicator.java:871)
	at com.intellij.util.indexing.FileBasedIndex.lambda$ignoreDumbMode$0(FileBasedIndex.java:213)
	at com.intellij.openapi.util.RecursionManager$1.computePreventingRecursion(RecursionManager.java:110)
	at com.intellij.util.indexing.FileBasedIndexEx.ignoreDumbMode(FileBasedIndexEx.java:721)
	at com.intellij.util.indexing.FileBasedIndex.ignoreDumbMode(FileBasedIndex.java:212)
	at com.intellij.util.indexing.DumbModeAccessType.ignoreDumbMode(DumbModeAccessType.java:43)
	at com.intellij.codeInsight.completion.CompletionProgressIndicator.calculateItems(CompletionProgressIndicator.java:867)
	at com.intellij.codeInsight.completion.CompletionProgressIndicator.runContributors(CompletionProgressIndicator.java:855)
	at com.intellij.codeInsight.completion.CodeCompletionHandlerBase.lambda$startContributorThread$7(CodeCompletionHandlerBase.java:373)
	at io.opentelemetry.context.Context.lambda$wrap$1(Context.java:212)
	at com.intellij.codeInsight.completion.AsyncCompletion.lambda$tryReadOrCancel$5(CompletionThreading.java:162)
	at com.intellij.openapi.application.impl.ApplicationImpl.tryRunReadAction(ApplicationImpl.java:1133)
	at com.intellij.codeInsight.completion.AsyncCompletion.tryReadOrCancel(CompletionThreading.java:160)
	at com.intellij.codeInsight.completion.CodeCompletionHandlerBase.lambda$startContributorThread$8(CodeCompletionHandlerBase.java:364)
	at io.opentelemetry.context.Context.lambda$wrap$1(Context.java:212)
	at com.intellij.codeInsight.completion.AsyncCompletion.lambda$startThread$0(CompletionThreading.java:85)
	at com.intellij.openapi.progress.impl.CoreProgressManager.lambda$runProcess$2(CoreProgressManager.java:186)
	at com.intellij.openapi.progress.impl.CoreProgressManager.lambda$executeProcessUnderProgress$13(CoreProgressManager.java:604)
	at com.intellij.openapi.progress.impl.CoreProgressManager.registerIndicatorAndRun(CoreProgressManager.java:679)
	at com.intellij.openapi.progress.impl.CoreProgressManager.computeUnderProgress(CoreProgressManager.java:635)
	at com.intellij.openapi.progress.impl.CoreProgressManager.executeProcessUnderProgress(CoreProgressManager.java:603)
	at com.intellij.openapi.progress.impl.ProgressManagerImpl.executeProcessUnderProgress(ProgressManagerImpl.java:61)
	at com.intellij.openapi.progress.impl.CoreProgressManager.runProcess(CoreProgressManager.java:173)
	at com.intellij.codeInsight.completion.AsyncCompletion.lambda$startThread$1(CompletionThreading.java:81)
	at com.intellij.openapi.application.impl.ApplicationImpl$2.run(ApplicationImpl.java:272)
	at java.base/java.util.concurrent.Executors$RunnableAdapter.call(Executors.java:539)
	at java.base/java.util.concurrent.FutureTask.run(FutureTask.java:264)
	at java.base/java.util.concurrent.ThreadPoolExecutor.runWorker(ThreadPoolExecutor.java:1136)
	at java.base/java.util.concurrent.ThreadPoolExecutor$Worker.run(ThreadPoolExecutor.java:635)
	at java.base/java.util.concurrent.Executors$PrivilegedThreadFactory$1$1.run(Executors.java:702)
	at java.base/java.util.concurrent.Executors$PrivilegedThreadFactory$1$1.run(Executors.java:699)
	at java.base/java.security.AccessController.doPrivileged(AccessController.java:399)
	at java.base/java.util.concurrent.Executors$PrivilegedThreadFactory$1.run(Executors.java:699)
	at java.base/java.lang.Thread.run(Thread.java:833)
2023-10-24 14:46:33,184 [2287876] SEVERE - #c.i.p.s.StubProcessingHelperBase - IntelliJ IDEA 2023.2.3  Build #IC-232.10072.27
2023-10-24 14:46:33,184 [2287876] SEVERE - #c.i.p.s.StubProcessingHelperBase - JDK: 17.0.8.1; VM: OpenJDK 64-Bit Server VM; Vendor: JetBrains s.r.o.
2023-10-24 14:46:33,184 [2287876] SEVERE - #c.i.p.s.StubProcessingHelperBase - OS: Linux
2023-10-24 14:50:11,486 [2506178]   WARN - #o.j.k.i.s.r.KotlinCompilerReferenceIndexStorage - kotlin-data-container is not found
2023-10-24 14:50:14,224 [2508916]   WARN - #o.j.k.i.s.r.KotlinCompilerReferenceIndexStorage - kotlin-data-container is not found
2023-10-24 14:50:38,012 [2532704]   WARN - #o.j.k.i.s.r.KotlinCompilerReferenceIndexStorage - kotlin-data-container is not found
2023-10-24 14:51:13,355 [2568047]   WARN - #o.j.k.i.s.r.KotlinCompilerReferenceIndexStorage - kotlin-data-container is not found
2023-10-24 14:52:19,784 [2634476]   WARN - #o.j.k.i.s.r.KotlinCompilerReferenceIndexStorage - kotlin-data-container is not found
2023-10-24 15:13:01,322 [3876014]   WARN - #o.j.k.i.s.r.KotlinCompilerReferenceIndexStorage - kotlin-data-container is not found
2023-10-24 15:13:53,885 [3928577]   WARN - #o.j.k.i.s.r.KotlinCompilerReferenceIndexStorage - kotlin-data-container is not found
2023-10-24 15:14:51,918 [3986610]   WARN - #o.j.k.i.s.r.KotlinCompilerReferenceIndexStorage - kotlin-data-container is not found
2023-10-24 15:15:19,631 [4014323]   WARN - #o.j.k.i.s.r.KotlinCompilerReferenceIndexStorage - kotlin-data-container is not found
2023-10-24 15:18:25,125 [4199817]   WARN - #o.j.k.i.s.r.KotlinCompilerReferenceIndexStorage - kotlin-data-container is not found
2023-10-24 15:18:48,637 [4223329]   WARN - #o.j.k.i.s.r.KotlinCompilerReferenceIndexStorage - kotlin-data-container is not found
2023-10-24 15:19:54,056 [4288748]   WARN - #o.j.k.i.s.r.KotlinCompilerReferenceIndexStorage - kotlin-data-container is not found
2023-10-24 15:21:21,832 [4376524]   WARN - #o.j.k.i.s.r.KotlinCompilerReferenceIndexStorage - kotlin-data-container is not found
2023-10-24 15:21:28,263 [4382955]   WARN - #o.j.k.i.s.r.KotlinCompilerReferenceIndexStorage - kotlin-data-container is not found
2023-10-24 15:22:15,529 [4430221]   WARN - #o.j.k.i.s.r.KotlinCompilerReferenceIndexStorage - kotlin-data-container is not found
2023-10-24 15:23:49,540 [4524232]   WARN - #o.j.k.i.s.r.KotlinCompilerReferenceIndexStorage - kotlin-data-container is not found
2023-10-24 15:25:05,740 [4600432]   WARN - #o.j.k.i.s.r.KotlinCompilerReferenceIndexStorage - kotlin-data-container is not found
2023-10-24 15:26:23,796 [4678488]   WARN - #o.j.k.i.s.r.KotlinCompilerReferenceIndexStorage - kotlin-data-container is not found
2023-10-24 15:27:39,824 [4754516]   WARN - #o.j.k.i.s.r.KotlinCompilerReferenceIndexStorage - kotlin-data-container is not found
2023-10-24 15:27:54,901 [4769593]   WARN - #o.j.k.i.s.r.KotlinCompilerReferenceIndexStorage - kotlin-data-container is not found
2023-10-24 15:30:50,111 [4944803]   WARN - #o.j.k.i.s.r.KotlinCompilerReferenceIndexStorage - kotlin-data-container is not found
2023-10-24 15:31:08,464 [4963156]   WARN - #o.j.k.i.s.r.KotlinCompilerReferenceIndexStorage - kotlin-data-container is not found
2023-10-24 15:32:02,733 [5017425]   WARN - #o.j.k.i.s.r.KotlinCompilerReferenceIndexStorage - kotlin-data-container is not found
2023-10-24 15:32:19,820 [5034512]   WARN - #o.j.k.i.s.r.KotlinCompilerReferenceIndexStorage - kotlin-data-container is not found
2023-10-24 15:32:27,271 [5041963]   WARN - #o.j.k.i.s.r.KotlinCompilerReferenceIndexStorage - kotlin-data-container is not found
2023-10-24 15:32:38,126 [5052818]   WARN - #o.j.k.i.s.r.KotlinCompilerReferenceIndexStorage - kotlin-data-container is not found
2023-10-24 15:33:02,699 [5077391]   WARN - #o.j.k.i.s.r.KotlinCompilerReferenceIndexStorage - kotlin-data-container is not found
2023-10-24 15:33:04,738 [5079430]   WARN - c.i.e.t.s.r.GeneralTestEventsProcessor - [JUnit]: Unexpected running nodes: [{id=[engine:junit-jupiter]/[class:com.trybe.java.regraprogressao.AppTest]/[method:testCadastrarAtividades()], parentId=0, name='1 - Cadastra as atividades avaliativas com sucesso.', isSuite=false, state=RUNNING}]
2023-10-24 15:33:10,964 [5085656]   WARN - #o.j.k.i.s.r.KotlinCompilerReferenceIndexStorage - kotlin-data-container is not found
2023-10-24 15:34:05,002 [5139694]   WARN - #o.j.k.i.s.r.KotlinCompilerReferenceIndexStorage - kotlin-data-container is not found
2023-10-24 15:34:40,342 [5175034]   WARN - #o.j.k.i.s.r.KotlinCompilerReferenceIndexStorage - kotlin-data-container is not found
2023-10-24 15:36:10,685 [5265377]   WARN - #o.j.k.i.s.r.KotlinCompilerReferenceIndexStorage - kotlin-data-container is not found
2023-10-24 15:38:19,338 [5394030]   WARN - #o.j.k.i.s.r.KotlinCompilerReferenceIndexStorage - kotlin-data-container is not found
2023-10-24 15:38:38,287 [5412979]   WARN - #o.j.k.i.s.r.KotlinCompilerReferenceIndexStorage - kotlin-data-container is not found
2023-10-24 15:38:53,354 [5428046]   WARN - #o.j.k.i.s.r.KotlinCompilerReferenceIndexStorage - kotlin-data-container is not found
2023-10-24 15:42:35,122 [5649814]   WARN - #o.j.k.i.s.r.KotlinCompilerReferenceIndexStorage - kotlin-data-container is not found
2023-10-24 15:47:24,470 [5939162]   WARN - #o.j.k.i.s.r.KotlinCompilerReferenceIndexStorage - kotlin-data-container is not found
2023-10-24 15:47:38,262 [5952954]   WARN - #o.j.k.i.s.r.KotlinCompilerReferenceIndexStorage - kotlin-data-container is not found
2023-10-24 15:47:49,246 [5963938]   WARN - #o.j.k.i.s.r.KotlinCompilerReferenceIndexStorage - kotlin-data-container is not found
2023-10-24 15:47:56,401 [5971093]   WARN - #o.j.k.i.s.r.KotlinCompilerReferenceIndexStorage - kotlin-data-container is not found
2023-10-24 15:50:57,634 [6152326]   WARN - #o.j.k.i.s.r.KotlinCompilerReferenceIndexStorage - kotlin-data-container is not found
2023-10-24 15:51:14,675 [6169367]   WARN - #o.j.k.i.s.r.KotlinCompilerReferenceIndexStorage - kotlin-data-container is not found
2023-10-24 15:55:26,571 [6421263]   WARN - #o.j.k.i.s.r.KotlinCompilerReferenceIndexStorage - kotlin-data-container is not found
2023-10-24 16:08:05,732 [7180424]   WARN - #o.j.k.i.s.r.KotlinCompilerReferenceIndexStorage - kotlin-data-container is not found
2023-10-24 16:13:19,685 [7494377]   WARN - #o.j.k.i.s.r.KotlinCompilerReferenceIndexStorage - kotlin-data-container is not found
2023-10-24 16:13:39,215 [7513907]   WARN - #o.j.k.i.s.r.KotlinCompilerReferenceIndexStorage - kotlin-data-container is not found
2023-10-24 16:13:46,636 [7521328]   WARN - #o.j.k.i.s.r.KotlinCompilerReferenceIndexStorage - kotlin-data-container is not found
2023-10-24 16:14:20,568 [7555260]   WARN - #o.j.k.i.s.r.KotlinCompilerReferenceIndexStorage - kotlin-data-container is not found
2023-10-24 16:14:53,900 [7588592]   WARN - #o.j.k.i.s.r.KotlinCompilerReferenceIndexStorage - kotlin-data-container is not found
2023-10-24 16:15:34,586 [7629278]   WARN - #o.j.k.i.s.r.KotlinCompilerReferenceIndexStorage - kotlin-data-container is not found
2023-10-24 16:36:07,058 [8861750]   WARN - #o.j.k.i.s.r.KotlinCompilerReferenceIndexStorage - kotlin-data-container is not found
2023-10-24 16:36:22,620 [8877312]   WARN - #o.j.k.i.s.r.KotlinCompilerReferenceIndexStorage - kotlin-data-container is not found
2023-10-24 16:39:33,447 [9068139]   WARN - #o.j.k.i.s.r.KotlinCompilerReferenceIndexStorage - kotlin-data-container is not found
2023-10-24 17:25:08,771 [11803463]   WARN - #o.j.k.i.s.r.KotlinCompilerReferenceIndexStorage - kotlin-data-container is not found
2023-10-24 17:25:47,730 [11842422]   WARN - #o.j.k.i.s.r.KotlinCompilerReferenceIndexStorage - kotlin-data-container is not found
2023-10-24 17:26:19,175 [11873867]   WARN - #o.j.k.i.s.r.KotlinCompilerReferenceIndexStorage - kotlin-data-container is not found
2023-10-24 17:26:57,129 [11911821]   WARN - #o.j.k.i.s.r.KotlinCompilerReferenceIndexStorage - kotlin-data-container is not found
2023-10-24 17:29:56,762 [12091454]   WARN - #o.j.k.i.s.r.KotlinCompilerReferenceIndexStorage - kotlin-data-container is not found
2023-10-24 17:34:04,623 [12339315]   WARN - #o.j.k.i.s.r.KotlinCompilerReferenceIndexStorage - kotlin-data-container is not found
2023-10-24 17:34:10,931 [12345623]   WARN - #o.j.k.i.s.r.KotlinCompilerReferenceIndexStorage - kotlin-data-container is not found
2023-10-24 17:37:33,364 [12548056]   WARN - #o.j.k.i.s.r.KotlinCompilerReferenceIndexStorage - kotlin-data-container is not found
2023-10-24 17:37:41,936 [12556628]   WARN - #o.j.k.i.s.r.KotlinCompilerReferenceIndexStorage - kotlin-data-container is not found
2023-10-24 17:38:02,920 [12577612]   WARN - #o.j.k.i.s.r.KotlinCompilerReferenceIndexStorage - kotlin-data-container is not found
2023-10-24 17:42:00,371 [12815063]   WARN - #o.j.k.i.s.r.KotlinCompilerReferenceIndexStorage - kotlin-data-container is not found
2023-10-24 17:42:31,292 [12845984]   WARN - #o.j.k.i.s.r.KotlinCompilerReferenceIndexStorage - kotlin-data-container is not found
2023-10-24 17:42:37,378 [12852070]   WARN - #o.j.k.i.s.r.KotlinCompilerReferenceIndexStorage - kotlin-data-container is not found
2023-10-24 17:48:35,977 [13210669]   WARN - #o.j.k.i.s.r.KotlinCompilerReferenceIndexStorage - kotlin-data-container is not found
2023-10-24 17:49:02,380 [13237072]   WARN - #o.j.k.i.s.r.KotlinCompilerReferenceIndexStorage - kotlin-data-container is not found
2023-10-24 18:05:39,180 [14233872]   WARN - #o.j.k.i.s.r.KotlinCompilerReferenceIndexStorage - kotlin-data-container is not found
2023-10-24 18:06:45,288 [14299980]   WARN - #o.j.k.i.s.r.KotlinCompilerReferenceIndexStorage - kotlin-data-container is not found
2023-10-24 18:16:33,077 [14887769]   WARN - #o.j.k.i.s.r.KotlinCompilerReferenceIndexStorage - kotlin-data-container is not found
2023-10-24 18:17:46,741 [14961433]   WARN - #o.j.k.i.s.r.KotlinCompilerReferenceIndexStorage - kotlin-data-container is not found
2023-10-24 18:18:09,086 [14983778]   WARN - #o.j.k.i.s.r.KotlinCompilerReferenceIndexStorage - kotlin-data-container is not found
2023-10-24 18:18:30,136 [15004828]   WARN - #o.j.k.i.s.r.KotlinCompilerReferenceIndexStorage - kotlin-data-container is not found
2023-10-24 18:18:56,993 [15031685]   WARN - #o.j.k.i.s.r.KotlinCompilerReferenceIndexStorage - kotlin-data-container is not found
2023-10-24 18:19:20,191 [15054883]   WARN - #o.j.k.i.s.r.KotlinCompilerReferenceIndexStorage - kotlin-data-container is not found
2023-10-24 18:20:20,316 [15115008]   WARN - #c.i.o.o.e.ConfigurableExtensionPointUtil - ignore configurable with duplicated id: device.file.explorer
2023-10-24 18:20:20,400 [15115092]   WARN - #c.i.o.o.e.ConfigurableExtensionPointUtil - ignore deprecated groupId: language for id: preferences.language.Kotlin.scripting
CompileCommand: exclude com/intellij/openapi/vfs/impl/FilePartNodeRoot.trieDescend bool exclude = true
